Test project C:/code/telemetry-platform/build_clean
      Start  1: redis_unit_tests
 1/38 Test  #1: redis_unit_tests ...................................................   Passed    0.14 sec
      Start  2: proto_adapter_tests
 2/38 Test  #2: proto_adapter_tests ................................................***Failed    0.15 sec
Running main() from C:\code\telemetry-platform\build_clean\_deps\googletest-src\googletest\src\gtest_main.cc
[==========] Running 10 tests from 1 test suite.
[----------] Global test environment set-up.
[----------] 10 tests from ProtoAdapterTest
[ RUN      ] ProtoAdapterTest.RoundTripConversion
[       OK ] ProtoAdapterTest.RoundTripConversion (0 ms)
[ RUN      ] ProtoAdapterTest.SerializeDeserialize
[       OK ] ProtoAdapterTest.SerializeDeserialize (0 ms)
[ RUN      ] ProtoAdapterTest.DefaultValues
[       OK ] ProtoAdapterTest.DefaultValues (0 ms)
[ RUN      ] ProtoAdapterTest.SerializedSize
[       OK ] ProtoAdapterTest.SerializedSize (0 ms)
[ RUN      ] ProtoAdapterTest.DifferentUnits
[       OK ] ProtoAdapterTest.DifferentUnits (0 ms)
[ RUN      ] ProtoAdapterTest.LargeSequenceId
[       OK ] ProtoAdapterTest.LargeSequenceId (0 ms)
[ RUN      ] ProtoAdapterTest.ExtremeValues
[       OK ] ProtoAdapterTest.ExtremeValues (0 ms)
[ RUN      ] ProtoAdapterTest.InvalidBinaryData
[       OK ] ProtoAdapterTest.InvalidBinaryData (0 ms)
[ RUN      ] ProtoAdapterTest.PerformanceComparison

=== Performance Comparison (10k iterations) ===
Protobuf: 2399 ╬╝s
JSON:     24464 ╬╝s
Speedup:  10.1976x
[       OK ] ProtoAdapterTest.PerformanceComparison (26 ms)
[ RUN      ] ProtoAdapterTest.SizeComparison

=== Size Comparison ===
Protobuf: 30 bytes
JSON:     43 bytes
Reduction: 30.2326%
C:\code\telemetry-platform\common\tests\test_proto_adapter.cpp(193): error: Expected: (json_size) > (50), actual: 43 vs 50

[  FAILED  ] ProtoAdapterTest.SizeComparison (0 ms)
[----------] 10 tests from ProtoAdapterTest (27 ms total)

[----------] Global test environment tear-down
[==========] 10 tests from 1 test suite ran. (27 ms total)
[  PASSED  ] 9 tests.
[  FAILED  ] 1 test, listed below:
[  FAILED  ] ProtoAdapterTest.SizeComparison

 1 FAILED TEST

      Start  3: SerialPortSimTest.WriteSucceedsWithValidData
 3/38 Test  #3: SerialPortSimTest.WriteSucceedsWithValidData .......................   Passed    0.02 sec
      Start  4: SerialPortSimTest.InjectCommandMakesDataAvailable
 4/38 Test  #4: SerialPortSimTest.InjectCommandMakesDataAvailable ..................   Passed    0.01 sec
      Start  5: SerialPortSimTest.ReadReturnsInjectedCommand
 5/38 Test  #5: SerialPortSimTest.ReadReturnsInjectedCommand .......................   Passed    0.01 sec
      Start  6: SerialPortSimTest.BufferOverflowProtectionPreventsDataCorruption
 6/38 Test  #6: SerialPortSimTest.BufferOverflowProtectionPreventsDataCorruption ...   Passed    0.02 sec
      Start  7: SerialPortSimTest.ClearRemovesAllBufferedData
 7/38 Test  #7: SerialPortSimTest.ClearRemovesAllBufferedData ......................   Passed    0.01 sec
      Start  8: SerialPortSimTest.ThreadSafetyDesignViaMutexProtection
 8/38 Test  #8: SerialPortSimTest.ThreadSafetyDesignViaMutexProtection .............   Passed    0.02 sec
      Start  9: DeviceSerialIntegrationTest.GetStatusReturnsDeviceState
 9/38 Test  #9: DeviceSerialIntegrationTest.GetStatusReturnsDeviceState ............   Passed    0.03 sec
      Start 10: DeviceSerialIntegrationTest.CalibrateResetsSequenceCounter
10/38 Test #10: DeviceSerialIntegrationTest.CalibrateResetsSequenceCounter .........   Passed    0.04 sec
      Start 11: DeviceSerialIntegrationTest.CalibrateFailsWhenNotMeasuring
11/38 Test #11: DeviceSerialIntegrationTest.CalibrateFailsWhenNotMeasuring .........   Passed    0.04 sec
      Start 12: DeviceSerialIntegrationTest.SetRateAcceptsValidRange
12/38 Test #12: DeviceSerialIntegrationTest.SetRateAcceptsValidRange ...............   Passed    0.02 sec
      Start 13: DeviceSerialIntegrationTest.SetRateRejectsOutOfRangeValues
13/38 Test #13: DeviceSerialIntegrationTest.SetRateRejectsOutOfRangeValues .........   Passed    0.02 sec
      Start 14: DeviceSerialIntegrationTest.ResetTransitionsToIdleState
14/38 Test #14: DeviceSerialIntegrationTest.ResetTransitionsToIdleState ............   Passed    0.02 sec
      Start 15: DeviceSerialIntegrationTest.InvalidCommandReturnsError
15/38 Test #15: DeviceSerialIntegrationTest.InvalidCommandReturnsError .............   Passed    0.02 sec
      Start 16: DeviceSerialIntegrationTest.EmptyCommandReturnsError
16/38 Test #16: DeviceSerialIntegrationTest.EmptyCommandReturnsError ...............   Passed    0.02 sec
      Start 17: test_gateway_e2e
17/38 Test #17: test_gateway_e2e ...................................................   Passed    0.45 sec
      Start 18: unit_tests
18/38 Test #18: unit_tests .........................................................   Passed    1.09 sec
      Start 19: test_config
19/38 Test #19: test_config ........................................................   Passed    0.39 sec
      Start 20: test_bounded_queue
20/38 Test #20: test_bounded_queue .................................................   Passed    0.09 sec
      Start 21: log_file_sink
21/38 Test #21: log_file_sink ......................................................***Failed    0.06 sec
CMake Error at C:/code/telemetry-platform/ingestion/tests/log_check.cmake:27 (message):
  gateway_app not found.  Checked:

    C:/code/telemetry-platform/build_clean/gateway/gateway_app;C:/code/telemetry-platform/build_clean/gateway/Release/gateway_app.exe;C:/code/telemetry-platform/build_clean/gateway/Debug/gateway_app.exe;C:/code/telemetry-platform/build_clean/gateway/Release/gateway_app.exe



      Start 22: cloud_client_tests
22/38 Test #22: cloud_client_tests .................................................   Passed    0.54 sec
      Start 23: http_integration
23/38 Test #23: http_integration ...................................................   Passed    2.12 sec
      Start 24: TaskTest.CreateTask
24/38 Test #24: TaskTest.CreateTask ................................................   Passed    0.02 sec
      Start 25: TaskTest.JSONSerialization
25/38 Test #25: TaskTest.JSONSerialization .........................................   Passed    0.02 sec
      Start 26: TaskTest.UUIDGeneration
26/38 Test #26: TaskTest.UUIDGeneration ............................................   Passed    0.01 sec
      Start 27: TaskTest.PriorityToString
27/38 Test #27: TaskTest.PriorityToString ..........................................   Passed    0.01 sec
      Start 28: TaskTest.StatusToString
28/38 Test #28: TaskTest.StatusToString ............................................   Passed    0.01 sec
      Start 29: TaskTest.RoundTripSerialization
29/38 Test #29: TaskTest.RoundTripSerialization ....................................   Passed    0.01 sec
      Start 30: RedisClientTest.Connect
30/38 Test #30: RedisClientTest.Connect ............................................   Passed    0.01 sec
      Start 31: RedisClientTest.Ping
31/38 Test #31: RedisClientTest.Ping ...............................................   Passed    0.01 sec
      Start 32: RedisClientTest.SetAndGet
32/38 Test #32: RedisClientTest.SetAndGet ..........................................   Passed    0.01 sec
      Start 33: RedisClientTest.GetNonExistent
33/38 Test #33: RedisClientTest.GetNonExistent .....................................   Passed    0.01 sec
      Start 34: RedisClientTest.Delete
34/38 Test #34: RedisClientTest.Delete .............................................   Passed    0.01 sec
      Start 35: RedisClientTest.RPushAndBLPop
35/38 Test #35: RedisClientTest.RPushAndBLPop ......................................   Passed    0.01 sec
      Start 36: RedisClientTest.BLPopEmptyQueue
36/38 Test #36: RedisClientTest.BLPopEmptyQueue ....................................   Passed    0.01 sec
      Start 37: RedisClientTest.QueueLength
37/38 Test #37: RedisClientTest.QueueLength ........................................   Passed    0.01 sec
      Start 38: RedisClientTest.OperationsWithoutConnect
38/38 Test #38: RedisClientTest.OperationsWithoutConnect ...........................   Passed    0.01 sec

95% tests passed, 2 tests failed out of 38

Total Test time (real) =   6.72 sec

The following tests FAILED:
	  2 - proto_adapter_tests (Failed)
	 21 - log_file_sink (Failed)
Errors while running CTest
